  [1m[35m (0.6ms)[0m  [1m[35mCREATE DATABASE "forum__development" ENCODING = 'unicode'[0m
  [1m[35m (1.8ms)[0m  [1m[35mCREATE DATABASE "forum__test" ENCODING = 'unicode'[0m
  [1m[35m (0.3ms)[0m  [1m[34mSELECT pg_try_advisory_lock(5743342295274714375)[0m
  [1m[35m (52.7ms)[0m  [1m[34mSELECT "schema_migrations"."version" FROM "schema_migrations" ORDER BY "schema_migrations"."version" ASC[0m
  [1m[36mActiveRecord::InternalMetadata Load (24.4ms)[0m  [1m[34mSELECT "ar_internal_metadata".* FROM "ar_internal_metadata" WHERE "ar_internal_metadata"."key" = $1 LIMIT $2[0m  [["key", "environment"], ["LIMIT", 1]]
  [1m[35m (0.3ms)[0m  [1m[34mSELECT pg_advisory_unlock(5743342295274714375)[0m
  [1m[35m (0.9ms)[0m  [1m[34mSELECT "schema_migrations"."version" FROM "schema_migrations" ORDER BY "schema_migrations"."version" ASC[0m
Started GET "/" for ::1 at 2020-11-25 08:28:46 +0100
  [1m[35m (0.6ms)[0m  [1m[34mSELECT "schema_migrations"."version" FROM "schema_migrations" ORDER BY "schema_migrations"."version" ASC[0m
Processing by TopicsController#index as HTML
  Rendering topics/index.html.erb within layouts/application
  [1m[35m (59.7ms)[0m  [1m[34mSELECT COUNT(*) FROM "topics"[0m
  ↳ app/views/topics/index.html.erb:1
  [1m[35m (0.9ms)[0m  [1m[34mSELECT COUNT(*) FROM "topics" WHERE (category=0)[0m
  ↳ app/views/topics/index.html.erb:8
  [1m[35m (0.8ms)[0m  [1m[34mSELECT COUNT(*) FROM "topics" WHERE (category=1)[0m
  ↳ app/views/topics/index.html.erb:12
  [1m[35m (0.7ms)[0m  [1m[34mSELECT COUNT(*) FROM "topics" WHERE (category=2)[0m
  ↳ app/views/topics/index.html.erb:16
  [1m[35m (0.4ms)[0m  [1m[34mSELECT COUNT(*) FROM "topics" WHERE (category=3)[0m
  ↳ app/views/topics/index.html.erb:20
  [1m[35m (0.3ms)[0m  [1m[34mSELECT COUNT(*) FROM "topics" WHERE (category=4)[0m
  ↳ app/views/topics/index.html.erb:24
  [1m[35m (0.3ms)[0m  [1m[34mSELECT COUNT(*) FROM "topics" WHERE (category=5)[0m
  ↳ app/views/topics/index.html.erb:28
  [1m[35m (0.3ms)[0m  [1m[34mSELECT COUNT(*) FROM "topics" WHERE (category=6)[0m
  ↳ app/views/topics/index.html.erb:32
  [1m[35m (0.4ms)[0m  [1m[34mSELECT COUNT(*) FROM "topics" WHERE (category=7)[0m
  ↳ app/views/topics/index.html.erb:36
  [1m[35m (0.3ms)[0m  [1m[34mSELECT COUNT(*) FROM "topics" WHERE (category=8)[0m
  ↳ app/views/topics/index.html.erb:40
  [1m[36mTopic Load (0.2ms)[0m  [1m[34mSELECT "topics".* FROM "topics"[0m
  ↳ app/views/topics/index.html.erb:45
  [1m[36mUser Load (35.5ms)[0m  [1m[34mSELECT "users".* FROM "users" WHERE "users"."id" = $1 LIMIT $2[0m  [["id", 1], ["LIMIT", 1]]
  ↳ app/views/topics/index.html.erb:50
  [1m[35m (20.9ms)[0m  [1m[34mSELECT COUNT(*) FROM "comments" WHERE "comments"."topic_id" = $1[0m  [["topic_id", 1]]
  ↳ app/views/topics/index.html.erb:52
  [1m[35m (16.4ms)[0m  [1m[34mSELECT COUNT(*) FROM "favorites" WHERE "favorites"."topic_id" = $1[0m  [["topic_id", 1]]
  ↳ app/views/topics/index.html.erb:53
  [1m[36mUser Load (0.4ms)[0m  [1m[34mSELECT "users".* FROM "users" WHERE "users"."id" = $1 LIMIT $2[0m  [["id", 2], ["LIMIT", 1]]
  ↳ app/views/topics/index.html.erb:50
  [1m[35m (0.4ms)[0m  [1m[34mSELECT COUNT(*) FROM "comments" WHERE "comments"."topic_id" = $1[0m  [["topic_id", 2]]
  ↳ app/views/topics/index.html.erb:52
  [1m[35m (0.4ms)[0m  [1m[34mSELECT COUNT(*) FROM "favorites" WHERE "favorites"."topic_id" = $1[0m  [["topic_id", 2]]
  ↳ app/views/topics/index.html.erb:53
  [1m[36mUser Load (0.4ms)[0m  [1m[34mSELECT "users".* FROM "users" WHERE "users"."id" = $1 LIMIT $2[0m  [["id", 4], ["LIMIT", 1]]
  ↳ app/views/topics/index.html.erb:50
  [1m[35m (0.4ms)[0m  [1m[34mSELECT COUNT(*) FROM "comments" WHERE "comments"."topic_id" = $1[0m  [["topic_id", 3]]
  ↳ app/views/topics/index.html.erb:52
  [1m[35m (0.3ms)[0m  [1m[34mSELECT COUNT(*) FROM "favorites" WHERE "favorites"."topic_id" = $1[0m  [["topic_id", 3]]
  ↳ app/views/topics/index.html.erb:53
  [1m[36mCACHE User Load (0.0ms)[0m  [1m[34mSELECT "users".* FROM "users" WHERE "users"."id" = $1 LIMIT $2[0m  [["id", 4], ["LIMIT", 1]]
  ↳ app/views/topics/index.html.erb:50
  [1m[35m (0.3ms)[0m  [1m[34mSELECT COUNT(*) FROM "comments" WHERE "comments"."topic_id" = $1[0m  [["topic_id", 4]]
  ↳ app/views/topics/index.html.erb:52
  [1m[35m (0.3ms)[0m  [1m[34mSELECT COUNT(*) FROM "favorites" WHERE "favorites"."topic_id" = $1[0m  [["topic_id", 4]]
  ↳ app/views/topics/index.html.erb:53
  Rendered topics/index.html.erb within layouts/application (Duration: 311.0ms | Allocations: 44683)
  [1m[36mTopic Load (0.5ms)[0m  [1m[34mSELECT "topics".* FROM "topics" LIMIT $1[0m  [["LIMIT", 6]]
  ↳ app/views/topics/_footer.html.erb:25
  Rendered topics/_footer.html.erb (Duration: 13.0ms | Allocations: 1054)
[Webpacker] Compiling...
Started GET "/" for ::1 at 2020-11-25 08:28:49 +0100
Processing by TopicsController#index as HTML
  Rendering topics/index.html.erb within layouts/application
  [1m[35m (0.7ms)[0m  [1m[34mSELECT COUNT(*) FROM "topics"[0m
  ↳ app/views/topics/index.html.erb:1
  [1m[35m (0.3ms)[0m  [1m[34mSELECT COUNT(*) FROM "topics" WHERE (category=0)[0m
  ↳ app/views/topics/index.html.erb:8
  [1m[35m (0.3ms)[0m  [1m[34mSELECT COUNT(*) FROM "topics" WHERE (category=1)[0m
  ↳ app/views/topics/index.html.erb:12
  [1m[35m (0.3ms)[0m  [1m[34mSELECT COUNT(*) FROM "topics" WHERE (category=2)[0m
  ↳ app/views/topics/index.html.erb:16
  [1m[35m (0.3ms)[0m  [1m[34mSELECT COUNT(*) FROM "topics" WHERE (category=3)[0m
  ↳ app/views/topics/index.html.erb:20
  [1m[35m (0.3ms)[0m  [1m[34mSELECT COUNT(*) FROM "topics" WHERE (category=4)[0m
  ↳ app/views/topics/index.html.erb:24
  [1m[35m (0.2ms)[0m  [1m[34mSELECT COUNT(*) FROM "topics" WHERE (category=5)[0m
  ↳ app/views/topics/index.html.erb:28
  [1m[35m (0.3ms)[0m  [1m[34mSELECT COUNT(*) FROM "topics" WHERE (category=6)[0m
  ↳ app/views/topics/index.html.erb:32
  [1m[35m (0.2ms)[0m  [1m[34mSELECT COUNT(*) FROM "topics" WHERE (category=7)[0m
  ↳ app/views/topics/index.html.erb:36
  [1m[35m (0.3ms)[0m  [1m[34mSELECT COUNT(*) FROM "topics" WHERE (category=8)[0m
  ↳ app/views/topics/index.html.erb:40
  [1m[36mTopic Load (0.2ms)[0m  [1m[34mSELECT "topics".* FROM "topics"[0m
  ↳ app/views/topics/index.html.erb:45
  [1m[36mUser Load (0.4ms)[0m  [1m[34mSELECT "users".* FROM "users" WHERE "users"."id" = $1 LIMIT $2[0m  [["id", 1], ["LIMIT", 1]]
  ↳ app/views/topics/index.html.erb:50
  [1m[35m (0.4ms)[0m  [1m[34mSELECT COUNT(*) FROM "comments" WHERE "comments"."topic_id" = $1[0m  [["topic_id", 1]]
  ↳ app/views/topics/index.html.erb:52
  [1m[35m (0.3ms)[0m  [1m[34mSELECT COUNT(*) FROM "favorites" WHERE "favorites"."topic_id" = $1[0m  [["topic_id", 1]]
  ↳ app/views/topics/index.html.erb:53
  [1m[36mUser Load (0.2ms)[0m  [1m[34mSELECT "users".* FROM "users" WHERE "users"."id" = $1 LIMIT $2[0m  [["id", 2], ["LIMIT", 1]]
  ↳ app/views/topics/index.html.erb:50
  [1m[35m (0.3ms)[0m  [1m[34mSELECT COUNT(*) FROM "comments" WHERE "comments"."topic_id" = $1[0m  [["topic_id", 2]]
  ↳ app/views/topics/index.html.erb:52
  [1m[35m (0.2ms)[0m  [1m[34mSELECT COUNT(*) FROM "favorites" WHERE "favorites"."topic_id" = $1[0m  [["topic_id", 2]]
  ↳ app/views/topics/index.html.erb:53
  [1m[36mUser Load (0.6ms)[0m  [1m[34mSELECT "users".* FROM "users" WHERE "users"."id" = $1 LIMIT $2[0m  [["id", 4], ["LIMIT", 1]]
  ↳ app/views/topics/index.html.erb:50
  [1m[35m (0.3ms)[0m  [1m[34mSELECT COUNT(*) FROM "comments" WHERE "comments"."topic_id" = $1[0m  [["topic_id", 3]]
  ↳ app/views/topics/index.html.erb:52
  [1m[35m (0.2ms)[0m  [1m[34mSELECT COUNT(*) FROM "favorites" WHERE "favorites"."topic_id" = $1[0m  [["topic_id", 3]]
  ↳ app/views/topics/index.html.erb:53
  [1m[36mCACHE User Load (0.0ms)[0m  [1m[34mSELECT "users".* FROM "users" WHERE "users"."id" = $1 LIMIT $2[0m  [["id", 4], ["LIMIT", 1]]
  ↳ app/views/topics/index.html.erb:50
  [1m[35m (0.3ms)[0m  [1m[34mSELECT COUNT(*) FROM "comments" WHERE "comments"."topic_id" = $1[0m  [["topic_id", 4]]
  ↳ app/views/topics/index.html.erb:52
  [1m[35m (0.2ms)[0m  [1m[34mSELECT COUNT(*) FROM "favorites" WHERE "favorites"."topic_id" = $1[0m  [["topic_id", 4]]
  ↳ app/views/topics/index.html.erb:53
  Rendered topics/index.html.erb within layouts/application (Duration: 47.1ms | Allocations: 18233)
  [1m[36mTopic Load (0.2ms)[0m  [1m[34mSELECT "topics".* FROM "topics" LIMIT $1[0m  [["LIMIT", 6]]
  ↳ app/views/topics/_footer.html.erb:25
  Rendered topics/_footer.html.erb (Duration: 2.7ms | Allocations: 863)
[Webpacker] Compiling...
[Webpacker] Compilation failed:
Hash: 1c317abcf86251439812
Version: webpack 4.44.2
Time: 12168ms
Built at: 2020-11-25 8:29:06
                                                 Asset      Size                   Chunks                         Chunk Names
                js/application-73d8f645d13fb5a683b8.js   662 KiB              application  [emitted] [immutable]  application
            js/application-73d8f645d13fb5a683b8.js.map   775 KiB              application  [emitted] [dev]        application
    js/javascripts/application-a8dcb927222afff85f35.js  4.21 KiB  javascripts/application  [emitted] [immutable]  javascripts/application
js/javascripts/application-a8dcb927222afff85f35.js.map  3.68 KiB  javascripts/application  [emitted] [dev]        javascripts/application
    js/stylesheets/application-bf699643dbcab31194e6.js  15.9 KiB  stylesheets/application  [emitted] [immutable]  stylesheets/application
js/stylesheets/application-bf699643dbcab31194e6.js.map  16.4 KiB  stylesheets/application  [emitted] [dev]        stylesheets/application
                                         manifest.json  1.18 KiB                           [emitted]              
Entrypoint application = js/application-73d8f645d13fb5a683b8.js js/application-73d8f645d13fb5a683b8.js.map
Entrypoint javascripts/application = js/javascripts/application-a8dcb927222afff85f35.js js/javascripts/application-a8dcb927222afff85f35.js.map
Entrypoint stylesheets/application = js/stylesheets/application-bf699643dbcab31194e6.js js/stylesheets/application-bf699643dbcab31194e6.js.map
[./app/javascript/packs/application.js] 792 bytes {application} [built]
[./app/javascript/packs/javascripts/application.js] 58 bytes {javascripts/application} [built]
[./app/javascript/packs/stylesheets/application.css] 616 bytes {stylesheets/application} [built]
[./node_modules/css-loader/dist/cjs.js?!./node_modules/postcss-loader/src/index.js?!./app/javascript/packs/stylesheets/application.css] ./node_modules/css-loader/dist/cjs.js??ref--6-1!./node_modules/postcss-loader/src??ref--6-2!./app/javascript/packs/stylesheets/application.css 476 bytes {stylesheets/application} [built]
[./node_modules/webpack/buildin/global.js] (webpack)/buildin/global.js 905 bytes {application} [built]
[./node_modules/webpack/buildin/module.js] (webpack)/buildin/module.js 552 bytes {application} [built]
    + 8 hidden modules

ERROR in ./app/javascript/packs/javascripts/application.js
Module not found: Error: Can't resolve 'https://code.jquery.com/jquery-3.2.1.slim.min.js' in '/home/wilromeo/Bureau/Forum_/app/javascript/packs/javascripts'
 @ ./app/javascript/packs/javascripts/application.js 1:0-58

[Webpacker] Compilation failed:
Hash: 1c317abcf86251439812
Version: webpack 4.44.2
Time: 12168ms
Built at: 2020-11-25 8:29:06
                                                 Asset      Size                   Chunks                         Chunk Names
                js/application-73d8f645d13fb5a683b8.js   662 KiB              application  [emitted] [immutable]  application
            js/application-73d8f645d13fb5a683b8.js.map   775 KiB              application  [emitted] [dev]        application
    js/javascripts/application-a8dcb927222afff85f35.js  4.21 KiB  javascripts/application  [emitted] [immutable]  javascripts/application
js/javascripts/application-a8dcb927222afff85f35.js.map  3.68 KiB  javascripts/application  [emitted] [dev]        javascripts/application
    js/stylesheets/application-bf699643dbcab31194e6.js  15.9 KiB  stylesheets/application  [emitted] [immutable]  stylesheets/application
js/stylesheets/application-bf699643dbcab31194e6.js.map  16.4 KiB  stylesheets/application  [emitted] [dev]        stylesheets/application
                                         manifest.json  1.18 KiB                           [emitted]              
Entrypoint application = js/application-73d8f645d13fb5a683b8.js js/application-73d8f645d13fb5a683b8.js.map
Entrypoint javascripts/application = js/javascripts/application-a8dcb927222afff85f35.js js/javascripts/application-a8dcb927222afff85f35.js.map
Entrypoint stylesheets/application = js/stylesheets/application-bf699643dbcab31194e6.js js/stylesheets/application-bf699643dbcab31194e6.js.map
[./app/javascript/packs/application.js] 792 bytes {application} [built]
[./app/javascript/packs/javascripts/application.js] 58 bytes {javascripts/application} [built]
[./app/javascript/packs/stylesheets/application.css] 616 bytes {stylesheets/application} [built]
[./node_modules/css-loader/dist/cjs.js?!./node_modules/postcss-loader/src/index.js?!./app/javascript/packs/stylesheets/application.css] ./node_modules/css-loader/dist/cjs.js??ref--6-1!./node_modules/postcss-loader/src??ref--6-2!./app/javascript/packs/stylesheets/application.css 476 bytes {stylesheets/application} [built]
[./node_modules/webpack/buildin/global.js] (webpack)/buildin/global.js 905 bytes {application} [built]
[./node_modules/webpack/buildin/module.js] (webpack)/buildin/module.js 552 bytes {application} [built]
    + 8 hidden modules

ERROR in ./app/javascript/packs/javascripts/application.js
Module not found: Error: Can't resolve 'https://code.jquery.com/jquery-3.2.1.slim.min.js' in '/home/wilromeo/Bureau/Forum_/app/javascript/packs/javascripts'
 @ ./app/javascript/packs/javascripts/application.js 1:0-58

Completed 200 OK in 20740ms (Views: 20405.9ms | ActiveRecord: 155.5ms | Allocations: 205232)


Completed 200 OK in 17644ms (Views: 17632.0ms | ActiveRecord: 7.3ms | Allocations: 34324)


Started GET "/" for ::1 at 2020-11-25 08:29:37 +0100
Processing by TopicsController#index as HTML
  Rendering topics/index.html.erb within layouts/application
  [1m[35m (0.3ms)[0m  [1m[34mSELECT COUNT(*) FROM "topics"[0m
  ↳ app/views/topics/index.html.erb:1
  [1m[35m (0.3ms)[0m  [1m[34mSELECT COUNT(*) FROM "topics" WHERE (category=0)[0m
  ↳ app/views/topics/index.html.erb:8
  [1m[35m (0.3ms)[0m  [1m[34mSELECT COUNT(*) FROM "topics" WHERE (category=1)[0m
  ↳ app/views/topics/index.html.erb:12
  [1m[35m (0.3ms)[0m  [1m[34mSELECT COUNT(*) FROM "topics" WHERE (category=2)[0m
  ↳ app/views/topics/index.html.erb:16
  [1m[35m (0.5ms)[0m  [1m[34mSELECT COUNT(*) FROM "topics" WHERE (category=3)[0m
  ↳ app/views/topics/index.html.erb:20
  [1m[35m (0.5ms)[0m  [1m[34mSELECT COUNT(*) FROM "topics" WHERE (category=4)[0m
  ↳ app/views/topics/index.html.erb:24
  [1m[35m (0.4ms)[0m  [1m[34mSELECT COUNT(*) FROM "topics" WHERE (category=5)[0m
  ↳ app/views/topics/index.html.erb:28
  [1m[35m (0.3ms)[0m  [1m[34mSELECT COUNT(*) FROM "topics" WHERE (category=6)[0m
  ↳ app/views/topics/index.html.erb:32
  [1m[35m (0.3ms)[0m  [1m[34mSELECT COUNT(*) FROM "topics" WHERE (category=7)[0m
  ↳ app/views/topics/index.html.erb:36
  [1m[35m (0.3ms)[0m  [1m[34mSELECT COUNT(*) FROM "topics" WHERE (category=8)[0m
  ↳ app/views/topics/index.html.erb:40
  [1m[36mTopic Load (0.3ms)[0m  [1m[34mSELECT "topics".* FROM "topics"[0m
  ↳ app/views/topics/index.html.erb:45
  [1m[36mUser Load (0.3ms)[0m  [1m[34mSELECT "users".* FROM "users" WHERE "users"."id" = $1 LIMIT $2[0m  [["id", 1], ["LIMIT", 1]]
  ↳ app/views/topics/index.html.erb:50
  [1m[35m (0.5ms)[0m  [1m[34mSELECT COUNT(*) FROM "comments" WHERE "comments"."topic_id" = $1[0m  [["topic_id", 1]]
  ↳ app/views/topics/index.html.erb:52
  [1m[35m (0.3ms)[0m  [1m[34mSELECT COUNT(*) FROM "favorites" WHERE "favorites"."topic_id" = $1[0m  [["topic_id", 1]]
  ↳ app/views/topics/index.html.erb:53
  [1m[36mUser Load (0.3ms)[0m  [1m[34mSELECT "users".* FROM "users" WHERE "users"."id" = $1 LIMIT $2[0m  [["id", 2], ["LIMIT", 1]]
  ↳ app/views/topics/index.html.erb:50
  [1m[35m (0.4ms)[0m  [1m[34mSELECT COUNT(*) FROM "comments" WHERE "comments"."topic_id" = $1[0m  [["topic_id", 2]]
  ↳ app/views/topics/index.html.erb:52
  [1m[35m (0.2ms)[0m  [1m[34mSELECT COUNT(*) FROM "favorites" WHERE "favorites"."topic_id" = $1[0m  [["topic_id", 2]]
  ↳ app/views/topics/index.html.erb:53
  [1m[36mUser Load (0.3ms)[0m  [1m[34mSELECT "users".* FROM "users" WHERE "users"."id" = $1 LIMIT $2[0m  [["id", 4], ["LIMIT", 1]]
  ↳ app/views/topics/index.html.erb:50
  [1m[35m (0.3ms)[0m  [1m[34mSELECT COUNT(*) FROM "comments" WHERE "comments"."topic_id" = $1[0m  [["topic_id", 3]]
  ↳ app/views/topics/index.html.erb:52
  [1m[35m (0.3ms)[0m  [1m[34mSELECT COUNT(*) FROM "favorites" WHERE "favorites"."topic_id" = $1[0m  [["topic_id", 3]]
  ↳ app/views/topics/index.html.erb:53
  [1m[36mCACHE User Load (0.0ms)[0m  [1m[34mSELECT "users".* FROM "users" WHERE "users"."id" = $1 LIMIT $2[0m  [["id", 4], ["LIMIT", 1]]
  ↳ app/views/topics/index.html.erb:50
  [1m[35m (0.3ms)[0m  [1m[34mSELECT COUNT(*) FROM "comments" WHERE "comments"."topic_id" = $1[0m  [["topic_id", 4]]
  ↳ app/views/topics/index.html.erb:52
  [1m[35m (0.3ms)[0m  [1m[34mSELECT COUNT(*) FROM "favorites" WHERE "favorites"."topic_id" = $1[0m  [["topic_id", 4]]
  ↳ app/views/topics/index.html.erb:53
  Rendered topics/index.html.erb within layouts/application (Duration: 45.9ms | Allocations: 18102)
  [1m[36mTopic Load (0.3ms)[0m  [1m[34mSELECT "topics".* FROM "topics" LIMIT $1[0m  [["LIMIT", 6]]
  ↳ app/views/topics/_footer.html.erb:25
  Rendered topics/_footer.html.erb (Duration: 1.7ms | Allocations: 862)
[Webpacker] Everything's up-to-date. Nothing to do
Completed 200 OK in 86ms (Views: 76.7ms | ActiveRecord: 7.7ms | Allocations: 28190)


Started GET "/topics/4" for ::1 at 2020-11-25 08:29:41 +0100
Processing by TopicsController#show as HTML
  Parameters: {"id"=>"4"}
  [1m[36mTopic Load (0.5ms)[0m  [1m[34mSELECT "topics".* FROM "topics" WHERE "topics"."id" = $1 LIMIT $2[0m  [["id", 4], ["LIMIT", 1]]
  ↳ app/controllers/topics_controller.rb:79:in `set_topic'
  [1m[36mFavorite Load (0.3ms)[0m  [1m[34mSELECT "favorites".* FROM "favorites" WHERE "favorites"."topic_id" = $1 AND "favorites"."topic_id" = $2 LIMIT $3[0m  [["topic_id", 4], ["topic_id", 4], ["LIMIT", 1]]
  ↳ app/controllers/topics_controller.rb:56:in `show'
  Rendering topics/show.html.erb within layouts/application
  [1m[36mUser Load (0.2ms)[0m  [1m[34mSELECT "users".* FROM "users" WHERE "users"."id" = $1 LIMIT $2[0m  [["id", 4], ["LIMIT", 1]]
  ↳ app/views/topics/show.html.erb:1
  [1m[35m (0.4ms)[0m  [1m[34mSELECT COUNT(*) FROM "comments" WHERE "comments"."topic_id" = $1[0m  [["topic_id", 4]]
  ↳ app/views/topics/show.html.erb:6
  [1m[35m (0.4ms)[0m  [1m[34mSELECT COUNT(*) FROM "favorites" WHERE "favorites"."topic_id" = $1[0m  [["topic_id", 4]]
  ↳ app/views/topics/show.html.erb:7
  [1m[36mComment Load (0.3ms)[0m  [1m[34mSELECT "comments".* FROM "comments" WHERE "comments"."topic_id" = $1[0m  [["topic_id", 4]]
  ↳ app/views/comments/_index.html.erb:1
  [1m[36mCACHE User Load (0.0ms)[0m  [1m[34mSELECT "users".* FROM "users" WHERE "users"."id" = $1 LIMIT $2[0m  [["id", 4], ["LIMIT", 1]]
  ↳ app/views/comments/_index.html.erb:6
  [1m[36mCACHE User Load (0.0ms)[0m  [1m[34mSELECT "users".* FROM "users" WHERE "users"."id" = $1 LIMIT $2[0m  [["id", 4], ["LIMIT", 1]]
  ↳ app/views/comments/_index.html.erb:6
  [1m[36mCACHE User Load (0.0ms)[0m  [1m[34mSELECT "users".* FROM "users" WHERE "users"."id" = $1 LIMIT $2[0m  [["id", 4], ["LIMIT", 1]]
  ↳ app/views/comments/_index.html.erb:6
  Rendered comments/_index.html.erb (Duration: 9.7ms | Allocations: 4579)
  Rendered comments/_form.html.erb (Duration: 16.7ms | Allocations: 4193)
  Rendered topics/show.html.erb within layouts/application (Duration: 47.9ms | Allocations: 12093)
  [1m[36mTopic Load (0.3ms)[0m  [1m[34mSELECT "topics".* FROM "topics" LIMIT $1[0m  [["LIMIT", 6]]
  ↳ app/views/topics/_footer.html.erb:25
  Rendered topics/_footer.html.erb (Duration: 1.9ms | Allocations: 860)
[Webpacker] Everything's up-to-date. Nothing to do
Completed 200 OK in 78ms (Views: 57.2ms | ActiveRecord: 5.4ms | Allocations: 28478)


Started POST "/topics/4/comments" for ::1 at 2020-11-25 08:29:50 +0100
Processing by CommentsController#create as JS
  Parameters: {"authenticity_token"=>"fsHteeBQWnX7OfleQEyQf5WzhLxumIJm1jN2KYkTV41Opi6UfskwQpu/Ol3D0yKxO82XPf2nUHnij/P2XqoiSw==", "comment"=>{"comment"=>"ok\n"}, "commit"=>"comment", "topic_id"=>"4"}
Completed 401 Unauthorized in 1ms (ActiveRecord: 0.0ms | Allocations: 1280)


Started GET "/topics/4" for ::1 at 2020-11-25 08:30:02 +0100
Processing by TopicsController#show as HTML
  Parameters: {"id"=>"4"}
  [1m[36mTopic Load (0.5ms)[0m  [1m[34mSELECT "topics".* FROM "topics" WHERE "topics"."id" = $1 LIMIT $2[0m  [["id", 4], ["LIMIT", 1]]
  ↳ app/controllers/topics_controller.rb:79:in `set_topic'
  [1m[36mFavorite Load (0.2ms)[0m  [1m[34mSELECT "favorites".* FROM "favorites" WHERE "favorites"."topic_id" = $1 AND "favorites"."topic_id" = $2 LIMIT $3[0m  [["topic_id", 4], ["topic_id", 4], ["LIMIT", 1]]
  ↳ app/controllers/topics_controller.rb:56:in `show'
  Rendering topics/show.html.erb within layouts/application
  [1m[36mUser Load (0.2ms)[0m  [1m[34mSELECT "users".* FROM "users" WHERE "users"."id" = $1 LIMIT $2[0m  [["id", 4], ["LIMIT", 1]]
  ↳ app/views/topics/show.html.erb:1
  [1m[35m (0.4ms)[0m  [1m[34mSELECT COUNT(*) FROM "comments" WHERE "comments"."topic_id" = $1[0m  [["topic_id", 4]]
  ↳ app/views/topics/show.html.erb:6
  [1m[35m (0.3ms)[0m  [1m[34mSELECT COUNT(*) FROM "favorites" WHERE "favorites"."topic_id" = $1[0m  [["topic_id", 4]]
  ↳ app/views/topics/show.html.erb:7
  [1m[36mComment Load (0.4ms)[0m  [1m[34mSELECT "comments".* FROM "comments" WHERE "comments"."topic_id" = $1[0m  [["topic_id", 4]]
  ↳ app/views/comments/_index.html.erb:1
  [1m[36mCACHE User Load (0.0ms)[0m  [1m[34mSELECT "users".* FROM "users" WHERE "users"."id" = $1 LIMIT $2[0m  [["id", 4], ["LIMIT", 1]]
  ↳ app/views/comments/_index.html.erb:6
  [1m[36mCACHE User Load (0.0ms)[0m  [1m[34mSELECT "users".* FROM "users" WHERE "users"."id" = $1 LIMIT $2[0m  [["id", 4], ["LIMIT", 1]]
  ↳ app/views/comments/_index.html.erb:6
  [1m[36mCACHE User Load (0.0ms)[0m  [1m[34mSELECT "users".* FROM "users" WHERE "users"."id" = $1 LIMIT $2[0m  [["id", 4], ["LIMIT", 1]]
  ↳ app/views/comments/_index.html.erb:6
  Rendered comments/_index.html.erb (Duration: 8.5ms | Allocations: 3287)
  Rendered comments/_form.html.erb (Duration: 0.7ms | Allocations: 300)
  Rendered topics/show.html.erb within layouts/application (Duration: 14.3ms | Allocations: 6147)
  [1m[36mTopic Load (0.3ms)[0m  [1m[34mSELECT "topics".* FROM "topics" LIMIT $1[0m  [["LIMIT", 6]]
  ↳ app/views/topics/_footer.html.erb:25
  Rendered topics/_footer.html.erb (Duration: 1.6ms | Allocations: 861)
[Webpacker] Everything's up-to-date. Nothing to do
Completed 200 OK in 43ms (Views: 36.7ms | ActiveRecord: 2.3ms | Allocations: 17834)


Started GET "/users/4" for ::1 at 2020-11-25 08:30:11 +0100
Processing by UsersController#show as HTML
  Parameters: {"id"=>"4"}
Completed 401 Unauthorized in 2ms (ActiveRecord: 0.0ms | Allocations: 1168)


Started GET "/users/sign_in" for ::1 at 2020-11-25 08:30:11 +0100
Processing by Devise::SessionsController#new as HTML
  Rendering devise/sessions/new.html.erb within layouts/application
  Rendered devise/shared/_links.html.erb (Duration: 2.9ms | Allocations: 826)
  Rendered devise/sessions/new.html.erb within layouts/application (Duration: 49.0ms | Allocations: 3794)
  [1m[36mTopic Load (0.3ms)[0m  [1m[34mSELECT "topics".* FROM "topics" LIMIT $1[0m  [["LIMIT", 6]]
  ↳ app/views/topics/_footer.html.erb:25
  Rendered topics/_footer.html.erb (Duration: 1.8ms | Allocations: 865)
[Webpacker] Everything's up-to-date. Nothing to do
Completed 200 OK in 71ms (Views: 60.4ms | ActiveRecord: 0.3ms | Allocations: 16120)


Started POST "/users/sign_in" for ::1 at 2020-11-25 08:30:29 +0100
Processing by Devise::SessionsController#create as HTML
  Parameters: {"authenticity_token"=>"wOEbaCx92Fq0xKA/RU34bD4tDFSd27FAJWhnEgqgDfLf7GDcToEnaeXFqKrokCZIjEgNjVigZBE/8nXfMfpsBg==", "user"=>{"email"=>"toto@gmail.com", "password"=>"[FILTERED]", "remember_me"=>"0"}, "commit"=>"Log in"}
  [1m[36mUser Load (0.7ms)[0m  [1m[34mSELECT "users".* FROM "users" WHERE "users"."email" = $1 ORDER BY "users"."id" ASC LIMIT $2[0m  [["email", "toto@gmail.com"], ["LIMIT", 1]]
Redirected to http://localhost:3000/users/4
Completed 302 Found in 1110ms (ActiveRecord: 0.7ms | Allocations: 6653)


Started GET "/" for ::1 at 2020-11-25 08:30:46 +0100
Processing by TopicsController#index as HTML
  Rendering topics/index.html.erb within layouts/application
  [1m[35m (0.4ms)[0m  [1m[34mSELECT COUNT(*) FROM "topics"[0m
  ↳ app/views/topics/index.html.erb:1
  [1m[35m (0.3ms)[0m  [1m[34mSELECT COUNT(*) FROM "topics" WHERE (category=0)[0m
  ↳ app/views/topics/index.html.erb:8
  [1m[35m (0.3ms)[0m  [1m[34mSELECT COUNT(*) FROM "topics" WHERE (category=1)[0m
  ↳ app/views/topics/index.html.erb:12
  [1m[35m (0.3ms)[0m  [1m[34mSELECT COUNT(*) FROM "topics" WHERE (category=2)[0m
  ↳ app/views/topics/index.html.erb:16
  [1m[35m (0.7ms)[0m  [1m[34mSELECT COUNT(*) FROM "topics" WHERE (category=3)[0m
  ↳ app/views/topics/index.html.erb:20
  [1m[35m (0.4ms)[0m  [1m[34mSELECT COUNT(*) FROM "topics" WHERE (category=4)[0m
  ↳ app/views/topics/index.html.erb:24
  [1m[35m (0.4ms)[0m  [1m[34mSELECT COUNT(*) FROM "topics" WHERE (category=5)[0m
  ↳ app/views/topics/index.html.erb:28
  [1m[35m (0.3ms)[0m  [1m[34mSELECT COUNT(*) FROM "topics" WHERE (category=6)[0m
  ↳ app/views/topics/index.html.erb:32
  [1m[35m (0.3ms)[0m  [1m[34mSELECT COUNT(*) FROM "topics" WHERE (category=7)[0m
  ↳ app/views/topics/index.html.erb:36
  [1m[35m (0.5ms)[0m  [1m[34mSELECT COUNT(*) FROM "topics" WHERE (category=8)[0m
  ↳ app/views/topics/index.html.erb:40
  [1m[36mTopic Load (0.3ms)[0m  [1m[34mSELECT "topics".* FROM "topics"[0m
  ↳ app/views/topics/index.html.erb:45
  [1m[36mUser Load (0.3ms)[0m  [1m[34mSELECT "users".* FROM "users" WHERE "users"."id" = $1 LIMIT $2[0m  [["id", 1], ["LIMIT", 1]]
  ↳ app/views/topics/index.html.erb:50
  [1m[35m (0.4ms)[0m  [1m[34mSELECT COUNT(*) FROM "comments" WHERE "comments"."topic_id" = $1[0m  [["topic_id", 1]]
  ↳ app/views/topics/index.html.erb:52
  [1m[35m (0.3ms)[0m  [1m[34mSELECT COUNT(*) FROM "favorites" WHERE "favorites"."topic_id" = $1[0m  [["topic_id", 1]]
  ↳ app/views/topics/index.html.erb:53
  [1m[36mUser Load (0.3ms)[0m  [1m[34mSELECT "users".* FROM "users" WHERE "users"."id" = $1 ORDER BY "users"."id" ASC LIMIT $2[0m  [["id", 4], ["LIMIT", 1]]
  ↳ app/views/topics/index.html.erb:59
  [1m[36mUser Load (0.2ms)[0m  [1m[34mSELECT "users".* FROM "users" WHERE "users"."id" = $1 LIMIT $2[0m  [["id", 2], ["LIMIT", 1]]
  ↳ app/views/topics/index.html.erb:50
  [1m[35m (0.4ms)[0m  [1m[34mSELECT COUNT(*) FROM "comments" WHERE "comments"."topic_id" = $1[0m  [["topic_id", 2]]
  ↳ app/views/topics/index.html.erb:52
  [1m[35m (0.3ms)[0m  [1m[34mSELECT COUNT(*) FROM "favorites" WHERE "favorites"."topic_id" = $1[0m  [["topic_id", 2]]
  ↳ app/views/topics/index.html.erb:53
  [1m[36mUser Load (0.2ms)[0m  [1m[34mSELECT "users".* FROM "users" WHERE "users"."id" = $1 LIMIT $2[0m  [["id", 4], ["LIMIT", 1]]
  ↳ app/views/topics/index.html.erb:50
  [1m[35m (0.3ms)[0m  [1m[34mSELECT COUNT(*) FROM "comments" WHERE "comments"."topic_id" = $1[0m  [["topic_id", 3]]
  ↳ app/views/topics/index.html.erb:52
  [1m[35m (0.3ms)[0m  [1m[34mSELECT COUNT(*) FROM "favorites" WHERE "favorites"."topic_id" = $1[0m  [["topic_id", 3]]
  ↳ app/views/topics/index.html.erb:53
  [1m[36mCACHE User Load (0.0ms)[0m  [1m[34mSELECT "users".* FROM "users" WHERE "users"."id" = $1 LIMIT $2[0m  [["id", 4], ["LIMIT", 1]]
  ↳ app/views/topics/index.html.erb:50
  [1m[35m (0.3ms)[0m  [1m[34mSELECT COUNT(*) FROM "comments" WHERE "comments"."topic_id" = $1[0m  [["topic_id", 4]]
  ↳ app/views/topics/index.html.erb:52
  [1m[35m (0.3ms)[0m  [1m[34mSELECT COUNT(*) FROM "favorites" WHERE "favorites"."topic_id" = $1[0m  [["topic_id", 4]]
  ↳ app/views/topics/index.html.erb:53
  Rendered topics/index.html.erb within layouts/application (Duration: 69.5ms | Allocations: 19098)
  [1m[36mTopic Load (0.3ms)[0m  [1m[34mSELECT "topics".* FROM "topics" LIMIT $1[0m  [["LIMIT", 6]]
  ↳ app/views/topics/_footer.html.erb:25
  Rendered topics/_footer.html.erb (Duration: 1.7ms | Allocations: 860)
[Webpacker] Everything's up-to-date. Nothing to do
Completed 200 OK in 85ms (Views: 75.4ms | ActiveRecord: 8.1ms | Allocations: 29387)


Started GET "/topics/new" for ::1 at 2020-11-25 08:30:49 +0100
Processing by TopicsController#new as HTML
  [1m[36mUser Load (0.8ms)[0m  [1m[34mSELECT "users".* FROM "users" WHERE "users"."id" = $1 ORDER BY "users"."id" ASC LIMIT $2[0m  [["id", 4], ["LIMIT", 1]]
  Rendering topics/new.html.erb within layouts/application
  Rendered topics/_form.html.erb (Duration: 22.9ms | Allocations: 4471)
  Rendered topics/new.html.erb within layouts/application (Duration: 41.7ms | Allocations: 4762)
  [1m[36mTopic Load (0.3ms)[0m  [1m[34mSELECT "topics".* FROM "topics" LIMIT $1[0m  [["LIMIT", 6]]
  ↳ app/views/topics/_footer.html.erb:25
  Rendered topics/_footer.html.erb (Duration: 2.2ms | Allocations: 859)
[Webpacker] Everything's up-to-date. Nothing to do
Completed 200 OK in 70ms (Views: 60.8ms | ActiveRecord: 1.1ms | Allocations: 16521)


Started GET "/users/4" for ::1 at 2020-11-25 08:30:53 +0100
Processing by UsersController#show as HTML
  Parameters: {"id"=>"4"}
  [1m[36mUser Load (1.2ms)[0m  [1m[34mSELECT "users".* FROM "users" WHERE "users"."id" = $1 ORDER BY "users"."id" ASC LIMIT $2[0m  [["id", 4], ["LIMIT", 1]]
  [1m[36mUser Load (3.1ms)[0m  [1m[34mSELECT "users".* FROM "users" WHERE "users"."id" = $1 LIMIT $2[0m  [["id", 4], ["LIMIT", 1]]
  ↳ app/controllers/users_controller.rb:6:in `show'
  Rendering users/show.html.erb within layouts/application
  [1m[35m (1.2ms)[0m  [1m[34mSELECT COUNT(*) FROM "topics" WHERE "topics"."user_id" = $1[0m  [["user_id", 4]]
  ↳ app/views/users/show.html.erb:25
  [1m[35m (0.7ms)[0m  [1m[34mSELECT COUNT(*) FROM "comments" WHERE "comments"."user_id" = $1[0m  [["user_id", 4]]
  ↳ app/views/users/show.html.erb:26
  [1m[35m (0.4ms)[0m  [1m[34mSELECT COUNT(*) FROM "favorites" WHERE "favorites"."user_id" = $1[0m  [["user_id", 4]]
  ↳ app/views/users/show.html.erb:27
  Rendered users/show.html.erb within layouts/application (Duration: 245.7ms | Allocations: 4458)
  [1m[36mTopic Load (0.3ms)[0m  [1m[34mSELECT "topics".* FROM "topics" LIMIT $1[0m  [["LIMIT", 6]]
  ↳ app/views/topics/_footer.html.erb:25
  Rendered topics/_footer.html.erb (Duration: 1.9ms | Allocations: 862)
[Webpacker] Everything's up-to-date. Nothing to do
Completed 200 OK in 315ms (Views: 291.4ms | ActiveRecord: 6.8ms | Allocations: 17648)


Started GET "/users" for ::1 at 2020-11-25 08:31:19 +0100
Processing by UsersController#index as HTML
  [1m[36mUser Load (0.5ms)[0m  [1m[34mSELECT "users".* FROM "users" WHERE "users"."id" = $1 ORDER BY "users"."id" ASC LIMIT $2[0m  [["id", 4], ["LIMIT", 1]]
  Rendering users/index.html.erb within layouts/application
  [1m[36mUser Load (0.6ms)[0m  [1m[34mSELECT "users".* FROM "users"[0m
  ↳ app/views/users/index.html.erb:2
  Rendered users/index.html.erb within layouts/application (Duration: 40.4ms | Allocations: 1378)
  [1m[36mTopic Load (0.4ms)[0m  [1m[34mSELECT "topics".* FROM "topics" LIMIT $1[0m  [["LIMIT", 6]]
  ↳ app/views/topics/_footer.html.erb:25
  Rendered topics/_footer.html.erb (Duration: 2.3ms | Allocations: 861)
[Webpacker] Everything's up-to-date. Nothing to do
Completed 200 OK in 62ms (Views: 55.7ms | ActiveRecord: 1.5ms | Allocations: 13221)


Started GET "/" for ::1 at 2020-11-25 08:43:15 +0100
  [1m[35m (0.7ms)[0m  [1m[34mSELECT "schema_migrations"."version" FROM "schema_migrations" ORDER BY "schema_migrations"."version" ASC[0m
Processing by TopicsController#index as HTML
  Rendering topics/index.html.erb within layouts/application
  [1m[35m (0.7ms)[0m  [1m[34mSELECT COUNT(*) FROM "topics"[0m
  ↳ app/views/topics/index.html.erb:1
  [1m[35m (0.4ms)[0m  [1m[34mSELECT COUNT(*) FROM "topics" WHERE (category=0)[0m
  ↳ app/views/topics/index.html.erb:8
  [1m[35m (0.3ms)[0m  [1m[34mSELECT COUNT(*) FROM "topics" WHERE (category=1)[0m
  ↳ app/views/topics/index.html.erb:12
  [1m[35m (0.3ms)[0m  [1m[34mSELECT COUNT(*) FROM "topics" WHERE (category=2)[0m
  ↳ app/views/topics/index.html.erb:16
  [1m[35m (1.1ms)[0m  [1m[34mSELECT COUNT(*) FROM "topics" WHERE (category=3)[0m
  ↳ app/views/topics/index.html.erb:20
  [1m[35m (0.4ms)[0m  [1m[34mSELECT COUNT(*) FROM "topics" WHERE (category=4)[0m
  ↳ app/views/topics/index.html.erb:24
  [1m[35m (0.3ms)[0m  [1m[34mSELECT COUNT(*) FROM "topics" WHERE (category=5)[0m
  ↳ app/views/topics/index.html.erb:28
  [1m[35m (0.3ms)[0m  [1m[34mSELECT COUNT(*) FROM "topics" WHERE (category=6)[0m
  ↳ app/views/topics/index.html.erb:32
  [1m[35m (0.3ms)[0m  [1m[34mSELECT COUNT(*) FROM "topics" WHERE (category=7)[0m
  ↳ app/views/topics/index.html.erb:36
  [1m[35m (0.3ms)[0m  [1m[34mSELECT COUNT(*) FROM "topics" WHERE (category=8)[0m
  ↳ app/views/topics/index.html.erb:40
  [1m[36mTopic Load (0.2ms)[0m  [1m[34mSELECT "topics".* FROM "topics"[0m
  ↳ app/views/topics/index.html.erb:45
  [1m[36mUser Load (0.6ms)[0m  [1m[34mSELECT "users".* FROM "users" WHERE "users"."id" = $1 LIMIT $2[0m  [["id", 1], ["LIMIT", 1]]
  ↳ app/views/topics/index.html.erb:50
  [1m[35m (0.5ms)[0m  [1m[34mSELECT COUNT(*) FROM "comments" WHERE "comments"."topic_id" = $1[0m  [["topic_id", 1]]
  ↳ app/views/topics/index.html.erb:52
  [1m[35m (0.3ms)[0m  [1m[34mSELECT COUNT(*) FROM "favorites" WHERE "favorites"."topic_id" = $1[0m  [["topic_id", 1]]
  ↳ app/views/topics/index.html.erb:53
  [1m[36mUser Load (0.3ms)[0m  [1m[34mSELECT "users".* FROM "users" WHERE "users"."id" = $1 ORDER BY "users"."id" ASC LIMIT $2[0m  [["id", 4], ["LIMIT", 1]]
  ↳ app/views/topics/index.html.erb:59
  [1m[36mUser Load (0.2ms)[0m  [1m[34mSELECT "users".* FROM "users" WHERE "users"."id" = $1 LIMIT $2[0m  [["id", 2], ["LIMIT", 1]]
  ↳ app/views/topics/index.html.erb:50
  [1m[35m (0.3ms)[0m  [1m[34mSELECT COUNT(*) FROM "comments" WHERE "comments"."topic_id" = $1[0m  [["topic_id", 2]]
  ↳ app/views/topics/index.html.erb:52
  [1m[35m (0.2ms)[0m  [1m[34mSELECT COUNT(*) FROM "favorites" WHERE "favorites"."topic_id" = $1[0m  [["topic_id", 2]]
  ↳ app/views/topics/index.html.erb:53
  [1m[36mUser Load (0.3ms)[0m  [1m[34mSELECT "users".* FROM "users" WHERE "users"."id" = $1 LIMIT $2[0m  [["id", 4], ["LIMIT", 1]]
  ↳ app/views/topics/index.html.erb:50
  [1m[35m (0.3ms)[0m  [1m[34mSELECT COUNT(*) FROM "comments" WHERE "comments"."topic_id" = $1[0m  [["topic_id", 3]]
  ↳ app/views/topics/index.html.erb:52
  [1m[35m (0.3ms)[0m  [1m[34mSELECT COUNT(*) FROM "favorites" WHERE "favorites"."topic_id" = $1[0m  [["topic_id", 3]]
  ↳ app/views/topics/index.html.erb:53
  [1m[36mCACHE User Load (0.0ms)[0m  [1m[34mSELECT "users".* FROM "users" WHERE "users"."id" = $1 LIMIT $2[0m  [["id", 4], ["LIMIT", 1]]
  ↳ app/views/topics/index.html.erb:50
  [1m[35m (0.3ms)[0m  [1m[34mSELECT COUNT(*) FROM "comments" WHERE "comments"."topic_id" = $1[0m  [["topic_id", 4]]
  ↳ app/views/topics/index.html.erb:52
  [1m[35m (0.3ms)[0m  [1m[34mSELECT COUNT(*) FROM "favorites" WHERE "favorites"."topic_id" = $1[0m  [["topic_id", 4]]
  ↳ app/views/topics/index.html.erb:53
  Rendered topics/index.html.erb within layouts/application (Duration: 127.8ms | Allocations: 40880)
  [1m[36mTopic Load (0.3ms)[0m  [1m[34mSELECT "topics".* FROM "topics" LIMIT $1[0m  [["LIMIT", 6]]
  ↳ app/views/topics/_footer.html.erb:25
  Rendered topics/_footer.html.erb (Duration: 4.1ms | Allocations: 1022)
[Webpacker] Everything's up-to-date. Nothing to do
Completed 200 OK in 1332ms (Views: 1262.2ms | ActiveRecord: 19.7ms | Allocations: 163475)


Started DELETE "/users/sign_out" for ::1 at 2020-11-25 08:43:20 +0100
Processing by Devise::SessionsController#destroy as HTML
  Parameters: {"authenticity_token"=>"VYhJRZImliVaYaP3q79EeXToUy2uqNVAXk3u46YyHHHjarL1Yh+22kgN1MRsOPJJyruJOWY8anL3uqlgUz+eOg=="}
  [1m[36mUser Load (0.3ms)[0m  [1m[34mSELECT "users".* FROM "users" WHERE "users"."id" = $1 ORDER BY "users"."id" ASC LIMIT $2[0m  [["id", 4], ["LIMIT", 1]]
Started DELETE "/users/sign_out" for ::1 at 2020-11-25 08:43:22 +0100
Redirected to http://localhost:3000/
Completed 302 Found in 2391ms (ActiveRecord: 0.3ms | Allocations: 590633)


Processing by Devise::SessionsController#destroy as HTML
  Parameters: {"authenticity_token"=>"VYhJRZImliVaYaP3q79EeXToUy2uqNVAXk3u46YyHHHjarL1Yh+22kgN1MRsOPJJyruJOWY8anL3uqlgUz+eOg=="}
  [1m[36mUser Load (0.7ms)[0m  [1m[34mSELECT "users".* FROM "users" WHERE "users"."id" = $1 ORDER BY "users"."id" ASC LIMIT $2[0m  [["id", 4], ["LIMIT", 1]]
Redirected to http://localhost:3000/
Completed 302 Found in 7ms (ActiveRecord: 0.9ms | Allocations: 3309)


Started GET "/" for ::1 at 2020-11-25 08:43:22 +0100
Processing by TopicsController#index as HTML
  Rendering topics/index.html.erb within layouts/application
  [1m[35m (0.6ms)[0m  [1m[34mSELECT COUNT(*) FROM "topics"[0m
  ↳ app/views/topics/index.html.erb:1
  [1m[35m (0.6ms)[0m  [1m[34mSELECT COUNT(*) FROM "topics" WHERE (category=0)[0m
  ↳ app/views/topics/index.html.erb:8
  [1m[35m (0.3ms)[0m  [1m[34mSELECT COUNT(*) FROM "topics" WHERE (category=1)[0m
  ↳ app/views/topics/index.html.erb:12
  [1m[35m (0.3ms)[0m  [1m[34mSELECT COUNT(*) FROM "topics" WHERE (category=2)[0m
  ↳ app/views/topics/index.html.erb:16
  [1m[35m (0.3ms)[0m  [1m[34mSELECT COUNT(*) FROM "topics" WHERE (category=3)[0m
  ↳ app/views/topics/index.html.erb:20
  [1m[35m (0.3ms)[0m  [1m[34mSELECT COUNT(*) FROM "topics" WHERE (category=4)[0m
  ↳ app/views/topics/index.html.erb:24
  [1m[35m (0.3ms)[0m  [1m[34mSELECT COUNT(*) FROM "topics" WHERE (category=5)[0m
  ↳ app/views/topics/index.html.erb:28
  [1m[35m (0.3ms)[0m  [1m[34mSELECT COUNT(*) FROM "topics" WHERE (category=6)[0m
  ↳ app/views/topics/index.html.erb:32
  [1m[35m (0.3ms)[0m  [1m[34mSELECT COUNT(*) FROM "topics" WHERE (category=7)[0m
  ↳ app/views/topics/index.html.erb:36
  [1m[35m (0.3ms)[0m  [1m[34mSELECT COUNT(*) FROM "topics" WHERE (category=8)[0m
  ↳ app/views/topics/index.html.erb:40
  [1m[36mTopic Load (0.2ms)[0m  [1m[34mSELECT "topics".* FROM "topics"[0m
  ↳ app/views/topics/index.html.erb:45
  [1m[36mUser Load (0.2ms)[0m  [1m[34mSELECT "users".* FROM "users" WHERE "users"."id" = $1 LIMIT $2[0m  [["id", 1], ["LIMIT", 1]]
  ↳ app/views/topics/index.html.erb:50
  [1m[35m (0.9ms)[0m  [1m[34mSELECT COUNT(*) FROM "comments" WHERE "comments"."topic_id" = $1[0m  [["topic_id", 1]]
  ↳ app/views/topics/index.html.erb:52
  [1m[35m (0.6ms)[0m  [1m[34mSELECT COUNT(*) FROM "favorites" WHERE "favorites"."topic_id" = $1[0m  [["topic_id", 1]]
  ↳ app/views/topics/index.html.erb:53
  [1m[36mUser Load (0.4ms)[0m  [1m[34mSELECT "users".* FROM "users" WHERE "users"."id" = $1 LIMIT $2[0m  [["id", 2], ["LIMIT", 1]]
  ↳ app/views/topics/index.html.erb:50
  [1m[35m (0.5ms)[0m  [1m[34mSELECT COUNT(*) FROM "comments" WHERE "comments"."topic_id" = $1[0m  [["topic_id", 2]]
  ↳ app/views/topics/index.html.erb:52
  [1m[35m (0.4ms)[0m  [1m[34mSELECT COUNT(*) FROM "favorites" WHERE "favorites"."topic_id" = $1[0m  [["topic_id", 2]]
  ↳ app/views/topics/index.html.erb:53
  [1m[36mUser Load (0.5ms)[0m  [1m[34mSELECT "users".* FROM "users" WHERE "users"."id" = $1 LIMIT $2[0m  [["id", 4], ["LIMIT", 1]]
  ↳ app/views/topics/index.html.erb:50
  [1m[35m (0.4ms)[0m  [1m[34mSELECT COUNT(*) FROM "comments" WHERE "comments"."topic_id" = $1[0m  [["topic_id", 3]]
  ↳ app/views/topics/index.html.erb:52
  [1m[35m (0.4ms)[0m  [1m[34mSELECT COUNT(*) FROM "favorites" WHERE "favorites"."topic_id" = $1[0m  [["topic_id", 3]]
  ↳ app/views/topics/index.html.erb:53
  [1m[36mCACHE User Load (0.0ms)[0m  [1m[34mSELECT "users".* FROM "users" WHERE "users"."id" = $1 LIMIT $2[0m  [["id", 4], ["LIMIT", 1]]
  ↳ app/views/topics/index.html.erb:50
  [1m[35m (0.4ms)[0m  [1m[34mSELECT COUNT(*) FROM "comments" WHERE "comments"."topic_id" = $1[0m  [["topic_id", 4]]
  ↳ app/views/topics/index.html.erb:52
  [1m[35m (0.4ms)[0m  [1m[34mSELECT COUNT(*) FROM "favorites" WHERE "favorites"."topic_id" = $1[0m  [["topic_id", 4]]
  ↳ app/views/topics/index.html.erb:53
  Rendered topics/index.html.erb within layouts/application (Duration: 47.6ms | Allocations: 17665)
  [1m[36mTopic Load (0.3ms)[0m  [1m[34mSELECT "topics".* FROM "topics" LIMIT $1[0m  [["LIMIT", 6]]
  ↳ app/views/topics/_footer.html.erb:25
  Rendered topics/_footer.html.erb (Duration: 2.0ms | Allocations: 841)
[Webpacker] Everything's up-to-date. Nothing to do
Completed 200 OK in 60ms (Views: 49.5ms | ActiveRecord: 9.0ms | Allocations: 27705)


Started GET "/" for ::1 at 2020-11-25 08:43:25 +0100
Processing by TopicsController#index as HTML
  Rendering topics/index.html.erb within layouts/application
  [1m[35m (0.4ms)[0m  [1m[34mSELECT COUNT(*) FROM "topics"[0m
  ↳ app/views/topics/index.html.erb:1
  [1m[35m (0.5ms)[0m  [1m[34mSELECT COUNT(*) FROM "topics" WHERE (category=0)[0m
  ↳ app/views/topics/index.html.erb:8
  [1m[35m (0.3ms)[0m  [1m[34mSELECT COUNT(*) FROM "topics" WHERE (category=1)[0m
  ↳ app/views/topics/index.html.erb:12
  [1m[35m (0.5ms)[0m  [1m[34mSELECT COUNT(*) FROM "topics" WHERE (category=2)[0m
  ↳ app/views/topics/index.html.erb:16
  [1m[35m (0.5ms)[0m  [1m[34mSELECT COUNT(*) FROM "topics" WHERE (category=3)[0m
  ↳ app/views/topics/index.html.erb:20
  [1m[35m (0.8ms)[0m  [1m[34mSELECT COUNT(*) FROM "topics" WHERE (category=4)[0m
  ↳ app/views/topics/index.html.erb:24
  [1m[35m (0.4ms)[0m  [1m[34mSELECT COUNT(*) FROM "topics" WHERE (category=5)[0m
  ↳ app/views/topics/index.html.erb:28
  [1m[35m (0.3ms)[0m  [1m[34mSELECT COUNT(*) FROM "topics" WHERE (category=6)[0m
  ↳ app/views/topics/index.html.erb:32
  [1m[35m (0.3ms)[0m  [1m[34mSELECT COUNT(*) FROM "topics" WHERE (category=7)[0m
  ↳ app/views/topics/index.html.erb:36
  [1m[35m (0.3ms)[0m  [1m[34mSELECT COUNT(*) FROM "topics" WHERE (category=8)[0m
  ↳ app/views/topics/index.html.erb:40
  [1m[36mTopic Load (0.2ms)[0m  [1m[34mSELECT "topics".* FROM "topics"[0m
  ↳ app/views/topics/index.html.erb:45
  [1m[36mUser Load (0.2ms)[0m  [1m[34mSELECT "users".* FROM "users" WHERE "users"."id" = $1 LIMIT $2[0m  [["id", 1], ["LIMIT", 1]]
  ↳ app/views/topics/index.html.erb:50
  [1m[35m (0.6ms)[0m  [1m[34mSELECT COUNT(*) FROM "comments" WHERE "comments"."topic_id" = $1[0m  [["topic_id", 1]]
  ↳ app/views/topics/index.html.erb:52
  [1m[35m (0.4ms)[0m  [1m[34mSELECT COUNT(*) FROM "favorites" WHERE "favorites"."topic_id" = $1[0m  [["topic_id", 1]]
  ↳ app/views/topics/index.html.erb:53
  [1m[36mUser Load (0.4ms)[0m  [1m[34mSELECT "users".* FROM "users" WHERE "users"."id" = $1 LIMIT $2[0m  [["id", 2], ["LIMIT", 1]]
  ↳ app/views/topics/index.html.erb:50
  [1m[35m (0.4ms)[0m  [1m[34mSELECT COUNT(*) FROM "comments" WHERE "comments"."topic_id" = $1[0m  [["topic_id", 2]]
  ↳ app/views/topics/index.html.erb:52
  [1m[35m (0.3ms)[0m  [1m[34mSELECT COUNT(*) FROM "favorites" WHERE "favorites"."topic_id" = $1[0m  [["topic_id", 2]]
  ↳ app/views/topics/index.html.erb:53
  [1m[36mUser Load (0.3ms)[0m  [1m[34mSELECT "users".* FROM "users" WHERE "users"."id" = $1 LIMIT $2[0m  [["id", 4], ["LIMIT", 1]]
  ↳ app/views/topics/index.html.erb:50
  [1m[35m (0.3ms)[0m  [1m[34mSELECT COUNT(*) FROM "comments" WHERE "comments"."topic_id" = $1[0m  [["topic_id", 3]]
  ↳ app/views/topics/index.html.erb:52
  [1m[35m (0.3ms)[0m  [1m[34mSELECT COUNT(*) FROM "favorites" WHERE "favorites"."topic_id" = $1[0m  [["topic_id", 3]]
  ↳ app/views/topics/index.html.erb:53
  [1m[36mCACHE User Load (0.0ms)[0m  [1m[34mSELECT "users".* FROM "users" WHERE "users"."id" = $1 LIMIT $2[0m  [["id", 4], ["LIMIT", 1]]
  ↳ app/views/topics/index.html.erb:50
  [1m[35m (0.3ms)[0m  [1m[34mSELECT COUNT(*) FROM "comments" WHERE "comments"."topic_id" = $1[0m  [["topic_id", 4]]
  ↳ app/views/topics/index.html.erb:52
  [1m[35m (0.3ms)[0m  [1m[34mSELECT COUNT(*) FROM "favorites" WHERE "favorites"."topic_id" = $1[0m  [["topic_id", 4]]
  ↳ app/views/topics/index.html.erb:53
  Rendered topics/index.html.erb within layouts/application (Duration: 43.3ms | Allocations: 17613)
  [1m[36mTopic Load (0.3ms)[0m  [1m[34mSELECT "topics".* FROM "topics" LIMIT $1[0m  [["LIMIT", 6]]
  ↳ app/views/topics/_footer.html.erb:25
  Rendered topics/_footer.html.erb (Duration: 2.0ms | Allocations: 838)
[Webpacker] Everything's up-to-date. Nothing to do
Completed 200 OK in 56ms (Views: 45.6ms | ActiveRecord: 8.5ms | Allocations: 27336)


Started GET "/topics/2" for ::1 at 2020-11-25 08:43:29 +0100
Processing by TopicsController#show as HTML
  Parameters: {"id"=>"2"}
  [1m[36mTopic Load (0.3ms)[0m  [1m[34mSELECT "topics".* FROM "topics" WHERE "topics"."id" = $1 LIMIT $2[0m  [["id", 2], ["LIMIT", 1]]
  ↳ app/controllers/topics_controller.rb:79:in `set_topic'
  [1m[36mFavorite Load (0.3ms)[0m  [1m[34mSELECT "favorites".* FROM "favorites" WHERE "favorites"."topic_id" = $1 AND "favorites"."topic_id" = $2 LIMIT $3[0m  [["topic_id", 2], ["topic_id", 2], ["LIMIT", 1]]
  ↳ app/controllers/topics_controller.rb:56:in `show'
  Rendering topics/show.html.erb within layouts/application
  [1m[36mUser Load (0.2ms)[0m  [1m[34mSELECT "users".* FROM "users" WHERE "users"."id" = $1 LIMIT $2[0m  [["id", 2], ["LIMIT", 1]]
  ↳ app/views/topics/show.html.erb:1
  [1m[35m (0.5ms)[0m  [1m[34mSELECT COUNT(*) FROM "comments" WHERE "comments"."topic_id" = $1[0m  [["topic_id", 2]]
  ↳ app/views/topics/show.html.erb:6
  [1m[35m (0.5ms)[0m  [1m[34mSELECT COUNT(*) FROM "favorites" WHERE "favorites"."topic_id" = $1[0m  [["topic_id", 2]]
  ↳ app/views/topics/show.html.erb:7
  [1m[36mComment Load (0.3ms)[0m  [1m[34mSELECT "comments".* FROM "comments" WHERE "comments"."topic_id" = $1[0m  [["topic_id", 2]]
  ↳ app/views/comments/_index.html.erb:1
  [1m[36mCACHE User Load (0.0ms)[0m  [1m[34mSELECT "users".* FROM "users" WHERE "users"."id" = $1 LIMIT $2[0m  [["id", 2], ["LIMIT", 1]]
  ↳ app/views/comments/_index.html.erb:6
  [1m[36mCACHE User Load (0.0ms)[0m  [1m[34mSELECT "users".* FROM "users" WHERE "users"."id" = $1 LIMIT $2[0m  [["id", 2], ["LIMIT", 1]]
  ↳ app/views/comments/_index.html.erb:6
  [1m[36mCACHE User Load (0.0ms)[0m  [1m[34mSELECT "users".* FROM "users" WHERE "users"."id" = $1 LIMIT $2[0m  [["id", 2], ["LIMIT", 1]]
  ↳ app/views/comments/_index.html.erb:6
  Rendered comments/_index.html.erb (Duration: 18.6ms | Allocations: 4655)
  Rendered comments/_form.html.erb (Duration: 146.3ms | Allocations: 3349)
  Rendered topics/show.html.erb within layouts/application (Duration: 174.7ms | Allocations: 11160)
  [1m[36mTopic Load (0.2ms)[0m  [1m[34mSELECT "topics".* FROM "topics" LIMIT $1[0m  [["LIMIT", 6]]
  ↳ app/views/topics/_footer.html.erb:25
  Rendered topics/_footer.html.erb (Duration: 2.0ms | Allocations: 838)
[Webpacker] Everything's up-to-date. Nothing to do
Completed 200 OK in 214ms (Views: 185.4ms | ActiveRecord: 7.7ms | Allocations: 28849)


Started POST "/topics/2/comments" for ::1 at 2020-11-25 08:43:36 +0100
Processing by CommentsController#create as JS
  Parameters: {"authenticity_token"=>"MXUuPzhsptdWgLSMK2/vpnh1BwWjFiCGIjGgsCn3W9Dmv7wMVsKl09rKWAPV9aqvVvaFWdy+YVF0ecicSJZWbw==", "comment"=>{"comment"=>"fffgg"}, "commit"=>"comment", "topic_id"=>"2"}
Completed 401 Unauthorized in 2ms (ActiveRecord: 0.0ms | Allocations: 1257)


Started GET "/topics/2" for ::1 at 2020-11-25 08:43:41 +0100
Processing by TopicsController#show as HTML
  Parameters: {"id"=>"2"}
  [1m[36mTopic Load (0.3ms)[0m  [1m[34mSELECT "topics".* FROM "topics" WHERE "topics"."id" = $1 LIMIT $2[0m  [["id", 2], ["LIMIT", 1]]
  ↳ app/controllers/topics_controller.rb:79:in `set_topic'
  [1m[36mFavorite Load (0.3ms)[0m  [1m[34mSELECT "favorites".* FROM "favorites" WHERE "favorites"."topic_id" = $1 AND "favorites"."topic_id" = $2 LIMIT $3[0m  [["topic_id", 2], ["topic_id", 2], ["LIMIT", 1]]
  ↳ app/controllers/topics_controller.rb:56:in `show'
  Rendering topics/show.html.erb within layouts/application
  [1m[36mUser Load (0.3ms)[0m  [1m[34mSELECT "users".* FROM "users" WHERE "users"."id" = $1 LIMIT $2[0m  [["id", 2], ["LIMIT", 1]]
  ↳ app/views/topics/show.html.erb:1
  [1m[35m (0.4ms)[0m  [1m[34mSELECT COUNT(*) FROM "comments" WHERE "comments"."topic_id" = $1[0m  [["topic_id", 2]]
  ↳ app/views/topics/show.html.erb:6
  [1m[35m (0.5ms)[0m  [1m[34mSELECT COUNT(*) FROM "favorites" WHERE "favorites"."topic_id" = $1[0m  [["topic_id", 2]]
  ↳ app/views/topics/show.html.erb:7
  [1m[36mComment Load (0.5ms)[0m  [1m[34mSELECT "comments".* FROM "comments" WHERE "comments"."topic_id" = $1[0m  [["topic_id", 2]]
  ↳ app/views/comments/_index.html.erb:1
  [1m[36mCACHE User Load (0.0ms)[0m  [1m[34mSELECT "users".* FROM "users" WHERE "users"."id" = $1 LIMIT $2[0m  [["id", 2], ["LIMIT", 1]]
  ↳ app/views/comments/_index.html.erb:6
  [1m[36mCACHE User Load (0.0ms)[0m  [1m[34mSELECT "users".* FROM "users" WHERE "users"."id" = $1 LIMIT $2[0m  [["id", 2], ["LIMIT", 1]]
  ↳ app/views/comments/_index.html.erb:6
  [1m[36mCACHE User Load (0.0ms)[0m  [1m[34mSELECT "users".* FROM "users" WHERE "users"."id" = $1 LIMIT $2[0m  [["id", 2], ["LIMIT", 1]]
  ↳ app/views/comments/_index.html.erb:6
  Rendered comments/_index.html.erb (Duration: 10.5ms | Allocations: 3370)
  Rendered comments/_form.html.erb (Duration: 0.7ms | Allocations: 287)
  Rendered topics/show.html.erb within layouts/application (Duration: 18.2ms | Allocations: 6127)
  [1m[36mTopic Load (0.3ms)[0m  [1m[34mSELECT "topics".* FROM "topics" LIMIT $1[0m  [["LIMIT", 6]]
  ↳ app/views/topics/_footer.html.erb:25
  Rendered topics/_footer.html.erb (Duration: 1.8ms | Allocations: 837)
[Webpacker] Everything's up-to-date. Nothing to do
Completed 200 OK in 39ms (Views: 31.3ms | ActiveRecord: 2.6ms | Allocations: 17403)


